The target system is: Linux -  - 
The host system is: Linux - 3.13.0-46-generic - i686
Compiling the C compiler identification source file "CMakeCCompilerId.c" succeeded.
Compiler: /home/kenn/BRCMToolChain/stbgcc-4.8-1.2/bin/arm-linux-gnueabihf-gcc 
Build flags: 
Id flags: 

The output was:
0


Compilation of the C compiler identification source "CMakeCCompilerId.c" produced "a.out"

The C compiler identification is GNU, found in "/home/kenn/Projects/NetCap/Build/CMakeFiles/2.8.12.2/CompilerIdC/a.out"

Compiling the CXX compiler identification source file "CMakeCXXCompilerId.cpp" succeeded.
Compiler: /home/kenn/BRCMToolChain/stbgcc-4.8-1.2/bin/arm-linux-gnueabihf-g++ 
Build flags: 
Id flags: 

The output was:
0


Compilation of the CXX compiler identification source "CMakeCXXCompilerId.cpp" produced "a.out"

The CXX compiler identification is GNU, found in "/home/kenn/Projects/NetCap/Build/CMakeFiles/2.8.12.2/CompilerIdCXX/a.out"

Determining if the C compiler works passed with the following output:
Change Dir: /home/kenn/Projects/NetCap/Build/CMakeFiles/CMakeTmp

Run Build Command:/usr/bin/make "cmTryCompileExec820435882/fast"
/usr/bin/make -f CMakeFiles/cmTryCompileExec820435882.dir/build.make CMakeFiles/cmTryCompileExec820435882.dir/build
make[1]: Entering directory `/home/kenn/Projects/NetCap/Build/CMakeFiles/CMakeTmp'
/usr/bin/cmake -E cmake_progress_report /home/kenn/Projects/NetCap/Build/CMakeFiles/CMakeTmp/CMakeFiles 1
Building C object CMakeFiles/cmTryCompileExec820435882.dir/testCCompiler.c.o
/home/kenn/BRCMToolChain/stbgcc-4.8-1.2/bin/arm-linux-gnueabihf-gcc    -o CMakeFiles/cmTryCompileExec820435882.dir/testCCompiler.c.o   -c /home/kenn/Projects/NetCap/Build/CMakeFiles/CMakeTmp/testCCompiler.c
Linking C executable cmTryCompileExec820435882
/usr/bin/cmake -E cmake_link_script CMakeFiles/cmTryCompileExec820435882.dir/link.txt --verbose=1
/home/kenn/BRCMToolChain/stbgcc-4.8-1.2/bin/arm-linux-gnueabihf-gcc       CMakeFiles/cmTryCompileExec820435882.dir/testCCompiler.c.o  -o cmTryCompileExec820435882 -rdynamic 
make[1]: Leaving directory `/home/kenn/Projects/NetCap/Build/CMakeFiles/CMakeTmp'


Detecting C compiler ABI info compiled with the following output:
Change Dir: /home/kenn/Projects/NetCap/Build/CMakeFiles/CMakeTmp

Run Build Command:/usr/bin/make "cmTryCompileExec2202072371/fast"
/usr/bin/make -f CMakeFiles/cmTryCompileExec2202072371.dir/build.make CMakeFiles/cmTryCompileExec2202072371.dir/build
make[1]: Entering directory `/home/kenn/Projects/NetCap/Build/CMakeFiles/CMakeTmp'
/usr/bin/cmake -E cmake_progress_report /home/kenn/Projects/NetCap/Build/CMakeFiles/CMakeTmp/CMakeFiles 1
Building C object CMakeFiles/cmTryCompileExec2202072371.dir/CMakeCCompilerABI.c.o
/home/kenn/BRCMToolChain/stbgcc-4.8-1.2/bin/arm-linux-gnueabihf-gcc    -o CMakeFiles/cmTryCompileExec2202072371.dir/CMakeCCompilerABI.c.o   -c /usr/share/cmake-2.8/Modules/CMakeCCompilerABI.c
Linking C executable cmTryCompileExec2202072371
/usr/bin/cmake -E cmake_link_script CMakeFiles/cmTryCompileExec2202072371.dir/link.txt --verbose=1
/home/kenn/BRCMToolChain/stbgcc-4.8-1.2/bin/arm-linux-gnueabihf-gcc     -v CMakeFiles/cmTryCompileExec2202072371.dir/CMakeCCompilerABI.c.o  -o cmTryCompileExec2202072371 -rdynamic  
Using built-in specs.
COLLECT_GCC=/home/kenn/BRCMToolChain/stbgcc-4.8-1.2/bin/arm-linux-gnueabihf-gcc
COLLECT_LTO_WRAPPER=/home/kenn/BRCMToolChain/stbgcc-4.8-1.2/bin/../libexec/gcc/arm-linux-gnueabihf/4.8.4/lto-wrapper
Target: arm-linux-gnueabihf
Configured with: ../gcc-linaro-4.8-2014.11/configure --target=arm-linux-gnueabihf --disable-multilib --prefix=/opt/toolchains/stbgcc-4.8-1.2 --with-build-time-tools=/home/vagrant/rpmbuild/BUILD/build-toolchain/opt/toolchains/stbgcc-4.8-1.2/arm-linux-gnueabihf/sys-root/../bin --with-sysroot=/opt/toolchains/stbgcc-4.8-1.2/arm-linux-gnueabihf/sys-root --with-build-sysroot=/home/vagrant/rpmbuild/BUILD/build-toolchain/opt/toolchains/stbgcc-4.8-1.2/arm-linux-gnueabihf/sys-root --enable-threads=posix --enable-long-long --enable-c99 --enable-plugins --enable-__cxa_atexit --with-gmp=/home/vagrant/rpmbuild/BUILD/prereq --with-mpfr=/home/vagrant/rpmbuild/BUILD/prereq --with-mpc=/home/vagrant/rpmbuild/BUILD/prereq --enable-symvers=gnu --enable-languages=c,c++ --enable-target-optspace --with-pkgversion='Broadcom stbgcc-4.8-1.2' --with-bugurl=file:///opt/toolchains/stbgcc-4.8-1.2/info/README.Bugs --disable-isl-version-check --with-arch=armv7-a --with-mode=thumb --with-fpu=vfpv3-d16 --with-float=hard
Thread model: posix
gcc version 4.8.4 20141110 (prerelease) (Broadcom stbgcc-4.8-1.2) 
COMPILER_PATH=/home/kenn/BRCMToolChain/stbgcc-4.8-1.2/bin/../libexec/gcc/arm-linux-gnueabihf/4.8.4/:/home/kenn/BRCMToolChain/stbgcc-4.8-1.2/bin/../libexec/gcc/:/home/kenn/BRCMToolChain/stbgcc-4.8-1.2/bin/../lib/gcc/arm-linux-gnueabihf/4.8.4/../../../../arm-linux-gnueabihf/bin/
LIBRARY_PATH=/home/kenn/BRCMToolChain/stbgcc-4.8-1.2/bin/../lib/gcc/arm-linux-gnueabihf/4.8.4/:/home/kenn/BRCMToolChain/stbgcc-4.8-1.2/bin/../lib/gcc/:/home/kenn/BRCMToolChain/stbgcc-4.8-1.2/bin/../lib/gcc/arm-linux-gnueabihf/4.8.4/../../../../arm-linux-gnueabihf/lib/:/home/kenn/BRCMToolChain/stbgcc-4.8-1.2/bin/../arm-linux-gnueabihf/sys-root/lib/:/home/kenn/BRCMToolChain/stbgcc-4.8-1.2/bin/../arm-linux-gnueabihf/sys-root/usr/lib/
COLLECT_GCC_OPTIONS='-v' '-o' 'cmTryCompileExec2202072371' '-rdynamic' '-march=armv7-a' '-mfloat-abi=hard' '-mfpu=vfpv3-d16' '-mthumb' '-mtls-dialect=gnu'
 /home/kenn/BRCMToolChain/stbgcc-4.8-1.2/bin/../libexec/gcc/arm-linux-gnueabihf/4.8.4/collect2 --sysroot=/home/kenn/BRCMToolChain/stbgcc-4.8-1.2/bin/../arm-linux-gnueabihf/sys-root --eh-frame-hdr -export-dynamic -dynamic-linker /lib/ld-linux-armhf.so.3 -X -m armelf_linux_eabi -o cmTryCompileExec2202072371 /home/kenn/BRCMToolChain/stbgcc-4.8-1.2/bin/../arm-linux-gnueabihf/sys-root/usr/lib/crt1.o /home/kenn/BRCMToolChain/stbgcc-4.8-1.2/bin/../arm-linux-gnueabihf/sys-root/usr/lib/crti.o /home/kenn/BRCMToolChain/stbgcc-4.8-1.2/bin/../lib/gcc/arm-linux-gnueabihf/4.8.4/crtbegin.o -L/home/kenn/BRCMToolChain/stbgcc-4.8-1.2/bin/../lib/gcc/arm-linux-gnueabihf/4.8.4 -L/home/kenn/BRCMToolChain/stbgcc-4.8-1.2/bin/../lib/gcc -L/home/kenn/BRCMToolChain/stbgcc-4.8-1.2/bin/../lib/gcc/arm-linux-gnueabihf/4.8.4/../../../../arm-linux-gnueabihf/lib -L/home/kenn/BRCMToolChain/stbgcc-4.8-1.2/bin/../arm-linux-gnueabihf/sys-root/lib -L/home/kenn/BRCMToolChain/stbgcc-4.8-1.2/bin/../arm-linux-gnueabihf/sys-root/usr/lib CMakeFiles/cmTryCompileExec2202072371.dir/CMakeCCompilerABI.c.o -lgcc --as-needed -lgcc_s --no-as-needed -lc -lgcc --as-needed -lgcc_s --no-as-needed /home/kenn/BRCMToolChain/stbgcc-4.8-1.2/bin/../lib/gcc/arm-linux-gnueabihf/4.8.4/crtend.o /home/kenn/BRCMToolChain/stbgcc-4.8-1.2/bin/../arm-linux-gnueabihf/sys-root/usr/lib/crtn.o
make[1]: Leaving directory `/home/kenn/Projects/NetCap/Build/CMakeFiles/CMakeTmp'


Parsed C implicit link information from above output:
  link line regex: [^( *|.*[/\])(arm-linux-gnueabihf-ld|([^/\]+-)?ld|collect2)[^/\]*( |$)]
  ignore line: [Change Dir: /home/kenn/Projects/NetCap/Build/CMakeFiles/CMakeTmp]
  ignore line: []
  ignore line: [Run Build Command:/usr/bin/make "cmTryCompileExec2202072371/fast"]
  ignore line: [/usr/bin/make -f CMakeFiles/cmTryCompileExec2202072371.dir/build.make CMakeFiles/cmTryCompileExec2202072371.dir/build]
  ignore line: [make[1]: Entering directory `/home/kenn/Projects/NetCap/Build/CMakeFiles/CMakeTmp']
  ignore line: [/usr/bin/cmake -E cmake_progress_report /home/kenn/Projects/NetCap/Build/CMakeFiles/CMakeTmp/CMakeFiles 1]
  ignore line: [Building C object CMakeFiles/cmTryCompileExec2202072371.dir/CMakeCCompilerABI.c.o]
  ignore line: [/home/kenn/BRCMToolChain/stbgcc-4.8-1.2/bin/arm-linux-gnueabihf-gcc    -o CMakeFiles/cmTryCompileExec2202072371.dir/CMakeCCompilerABI.c.o   -c /usr/share/cmake-2.8/Modules/CMakeCCompilerABI.c]
  ignore line: [Linking C executable cmTryCompileExec2202072371]
  ignore line: [/usr/bin/cmake -E cmake_link_script CMakeFiles/cmTryCompileExec2202072371.dir/link.txt --verbose=1]
  ignore line: [/home/kenn/BRCMToolChain/stbgcc-4.8-1.2/bin/arm-linux-gnueabihf-gcc     -v CMakeFiles/cmTryCompileExec2202072371.dir/CMakeCCompilerABI.c.o  -o cmTryCompileExec2202072371 -rdynamic  ]
  ignore line: [Using built-in specs.]
  ignore line: [COLLECT_GCC=/home/kenn/BRCMToolChain/stbgcc-4.8-1.2/bin/arm-linux-gnueabihf-gcc]
  ignore line: [COLLECT_LTO_WRAPPER=/home/kenn/BRCMToolChain/stbgcc-4.8-1.2/bin/../libexec/gcc/arm-linux-gnueabihf/4.8.4/lto-wrapper]
  ignore line: [Target: arm-linux-gnueabihf]
  ignore line: [Configured with: ../gcc-linaro-4.8-2014.11/configure --target=arm-linux-gnueabihf --disable-multilib --prefix=/opt/toolchains/stbgcc-4.8-1.2 --with-build-time-tools=/home/vagrant/rpmbuild/BUILD/build-toolchain/opt/toolchains/stbgcc-4.8-1.2/arm-linux-gnueabihf/sys-root/../bin --with-sysroot=/opt/toolchains/stbgcc-4.8-1.2/arm-linux-gnueabihf/sys-root --with-build-sysroot=/home/vagrant/rpmbuild/BUILD/build-toolchain/opt/toolchains/stbgcc-4.8-1.2/arm-linux-gnueabihf/sys-root --enable-threads=posix --enable-long-long --enable-c99 --enable-plugins --enable-__cxa_atexit --with-gmp=/home/vagrant/rpmbuild/BUILD/prereq --with-mpfr=/home/vagrant/rpmbuild/BUILD/prereq --with-mpc=/home/vagrant/rpmbuild/BUILD/prereq --enable-symvers=gnu --enable-languages=c,c++ --enable-target-optspace --with-pkgversion='Broadcom stbgcc-4.8-1.2' --with-bugurl=file:///opt/toolchains/stbgcc-4.8-1.2/info/README.Bugs --disable-isl-version-check --with-arch=armv7-a --with-mode=thumb --with-fpu=vfpv3-d16 --with-float=hard]
  ignore line: [Thread model: posix]
  ignore line: [gcc version 4.8.4 20141110 (prerelease) (Broadcom stbgcc-4.8-1.2) ]
  ignore line: [COMPILER_PATH=/home/kenn/BRCMToolChain/stbgcc-4.8-1.2/bin/../libexec/gcc/arm-linux-gnueabihf/4.8.4/:/home/kenn/BRCMToolChain/stbgcc-4.8-1.2/bin/../libexec/gcc/:/home/kenn/BRCMToolChain/stbgcc-4.8-1.2/bin/../lib/gcc/arm-linux-gnueabihf/4.8.4/../../../../arm-linux-gnueabihf/bin/]
  ignore line: [LIBRARY_PATH=/home/kenn/BRCMToolChain/stbgcc-4.8-1.2/bin/../lib/gcc/arm-linux-gnueabihf/4.8.4/:/home/kenn/BRCMToolChain/stbgcc-4.8-1.2/bin/../lib/gcc/:/home/kenn/BRCMToolChain/stbgcc-4.8-1.2/bin/../lib/gcc/arm-linux-gnueabihf/4.8.4/../../../../arm-linux-gnueabihf/lib/:/home/kenn/BRCMToolChain/stbgcc-4.8-1.2/bin/../arm-linux-gnueabihf/sys-root/lib/:/home/kenn/BRCMToolChain/stbgcc-4.8-1.2/bin/../arm-linux-gnueabihf/sys-root/usr/lib/]
  ignore line: [COLLECT_GCC_OPTIONS='-v' '-o' 'cmTryCompileExec2202072371' '-rdynamic' '-march=armv7-a' '-mfloat-abi=hard' '-mfpu=vfpv3-d16' '-mthumb' '-mtls-dialect=gnu']
  link line: [ /home/kenn/BRCMToolChain/stbgcc-4.8-1.2/bin/../libexec/gcc/arm-linux-gnueabihf/4.8.4/collect2 --sysroot=/home/kenn/BRCMToolChain/stbgcc-4.8-1.2/bin/../arm-linux-gnueabihf/sys-root --eh-frame-hdr -export-dynamic -dynamic-linker /lib/ld-linux-armhf.so.3 -X -m armelf_linux_eabi -o cmTryCompileExec2202072371 /home/kenn/BRCMToolChain/stbgcc-4.8-1.2/bin/../arm-linux-gnueabihf/sys-root/usr/lib/crt1.o /home/kenn/BRCMToolChain/stbgcc-4.8-1.2/bin/../arm-linux-gnueabihf/sys-root/usr/lib/crti.o /home/kenn/BRCMToolChain/stbgcc-4.8-1.2/bin/../lib/gcc/arm-linux-gnueabihf/4.8.4/crtbegin.o -L/home/kenn/BRCMToolChain/stbgcc-4.8-1.2/bin/../lib/gcc/arm-linux-gnueabihf/4.8.4 -L/home/kenn/BRCMToolChain/stbgcc-4.8-1.2/bin/../lib/gcc -L/home/kenn/BRCMToolChain/stbgcc-4.8-1.2/bin/../lib/gcc/arm-linux-gnueabihf/4.8.4/../../../../arm-linux-gnueabihf/lib -L/home/kenn/BRCMToolChain/stbgcc-4.8-1.2/bin/../arm-linux-gnueabihf/sys-root/lib -L/home/kenn/BRCMToolChain/stbgcc-4.8-1.2/bin/../arm-linux-gnueabihf/sys-root/usr/lib CMakeFiles/cmTryCompileExec2202072371.dir/CMakeCCompilerABI.c.o -lgcc --as-needed -lgcc_s --no-as-needed -lc -lgcc --as-needed -lgcc_s --no-as-needed /home/kenn/BRCMToolChain/stbgcc-4.8-1.2/bin/../lib/gcc/arm-linux-gnueabihf/4.8.4/crtend.o /home/kenn/BRCMToolChain/stbgcc-4.8-1.2/bin/../arm-linux-gnueabihf/sys-root/usr/lib/crtn.o]
    arg [/home/kenn/BRCMToolChain/stbgcc-4.8-1.2/bin/../libexec/gcc/arm-linux-gnueabihf/4.8.4/collect2] ==> ignore
    arg [--sysroot=/home/kenn/BRCMToolChain/stbgcc-4.8-1.2/bin/../arm-linux-gnueabihf/sys-root] ==> ignore
    arg [--eh-frame-hdr] ==> ignore
    arg [-export-dynamic] ==> ignore
    arg [-dynamic-linker] ==> ignore
    arg [/lib/ld-linux-armhf.so.3] ==> ignore
    arg [-X] ==> ignore
    arg [-m] ==> ignore
    arg [armelf_linux_eabi] ==> ignore
    arg [-o] ==> ignore
    arg [cmTryCompileExec2202072371] ==> ignore
    arg [/home/kenn/BRCMToolChain/stbgcc-4.8-1.2/bin/../arm-linux-gnueabihf/sys-root/usr/lib/crt1.o] ==> ignore
    arg [/home/kenn/BRCMToolChain/stbgcc-4.8-1.2/bin/../arm-linux-gnueabihf/sys-root/usr/lib/crti.o] ==> ignore
    arg [/home/kenn/BRCMToolChain/stbgcc-4.8-1.2/bin/../lib/gcc/arm-linux-gnueabihf/4.8.4/crtbegin.o] ==> ignore
    arg [-L/home/kenn/BRCMToolChain/stbgcc-4.8-1.2/bin/../lib/gcc/arm-linux-gnueabihf/4.8.4] ==> dir [/home/kenn/BRCMToolChain/stbgcc-4.8-1.2/bin/../lib/gcc/arm-linux-gnueabihf/4.8.4]
    arg [-L/home/kenn/BRCMToolChain/stbgcc-4.8-1.2/bin/../lib/gcc] ==> dir [/home/kenn/BRCMToolChain/stbgcc-4.8-1.2/bin/../lib/gcc]
    arg [-L/home/kenn/BRCMToolChain/stbgcc-4.8-1.2/bin/../lib/gcc/arm-linux-gnueabihf/4.8.4/../../../../arm-linux-gnueabihf/lib] ==> dir [/home/kenn/BRCMToolChain/stbgcc-4.8-1.2/bin/../lib/gcc/arm-linux-gnueabihf/4.8.4/../../../../arm-linux-gnueabihf/lib]
    arg [-L/home/kenn/BRCMToolChain/stbgcc-4.8-1.2/bin/../arm-linux-gnueabihf/sys-root/lib] ==> dir [/home/kenn/BRCMToolChain/stbgcc-4.8-1.2/bin/../arm-linux-gnueabihf/sys-root/lib]
    arg [-L/home/kenn/BRCMToolChain/stbgcc-4.8-1.2/bin/../arm-linux-gnueabihf/sys-root/usr/lib] ==> dir [/home/kenn/BRCMToolChain/stbgcc-4.8-1.2/bin/../arm-linux-gnueabihf/sys-root/usr/lib]
    arg [CMakeFiles/cmTryCompileExec2202072371.dir/CMakeCCompilerABI.c.o] ==> ignore
    arg [-lgcc] ==> lib [gcc]
    arg [--as-needed] ==> ignore
    arg [-lgcc_s] ==> lib [gcc_s]
    arg [--no-as-needed] ==> ignore
    arg [-lc] ==> lib [c]
    arg [-lgcc] ==> lib [gcc]
    arg [--as-needed] ==> ignore
    arg [-lgcc_s] ==> lib [gcc_s]
    arg [--no-as-needed] ==> ignore
    arg [/home/kenn/BRCMToolChain/stbgcc-4.8-1.2/bin/../lib/gcc/arm-linux-gnueabihf/4.8.4/crtend.o] ==> ignore
    arg [/home/kenn/BRCMToolChain/stbgcc-4.8-1.2/bin/../arm-linux-gnueabihf/sys-root/usr/lib/crtn.o] ==> ignore
  remove lib [gcc]
  remove lib [gcc_s]
  remove lib [gcc]
  remove lib [gcc_s]
  collapse library dir [/home/kenn/BRCMToolChain/stbgcc-4.8-1.2/bin/../lib/gcc/arm-linux-gnueabihf/4.8.4] ==> [/home/kenn/BRCMToolChain/stbgcc-4.8-1.2/lib/gcc/arm-linux-gnueabihf/4.8.4]
  collapse library dir [/home/kenn/BRCMToolChain/stbgcc-4.8-1.2/bin/../lib/gcc] ==> [/home/kenn/BRCMToolChain/stbgcc-4.8-1.2/lib/gcc]
  collapse library dir [/home/kenn/BRCMToolChain/stbgcc-4.8-1.2/bin/../lib/gcc/arm-linux-gnueabihf/4.8.4/../../../../arm-linux-gnueabihf/lib] ==> [/home/kenn/BRCMToolChain/stbgcc-4.8-1.2/arm-linux-gnueabihf/lib]
  collapse library dir [/home/kenn/BRCMToolChain/stbgcc-4.8-1.2/bin/../arm-linux-gnueabihf/sys-root/lib] ==> [/home/kenn/BRCMToolChain/stbgcc-4.8-1.2/arm-linux-gnueabihf/sys-root/lib]
  collapse library dir [/home/kenn/BRCMToolChain/stbgcc-4.8-1.2/bin/../arm-linux-gnueabihf/sys-root/usr/lib] ==> [/home/kenn/BRCMToolChain/stbgcc-4.8-1.2/arm-linux-gnueabihf/sys-root/usr/lib]
  implicit libs: [c]
  implicit dirs: [/home/kenn/BRCMToolChain/stbgcc-4.8-1.2/lib/gcc/arm-linux-gnueabihf/4.8.4;/home/kenn/BRCMToolChain/stbgcc-4.8-1.2/lib/gcc;/home/kenn/BRCMToolChain/stbgcc-4.8-1.2/arm-linux-gnueabihf/lib;/home/kenn/BRCMToolChain/stbgcc-4.8-1.2/arm-linux-gnueabihf/sys-root/lib;/home/kenn/BRCMToolChain/stbgcc-4.8-1.2/arm-linux-gnueabihf/sys-root/usr/lib]
  implicit fwks: []


Determining if the CXX compiler works passed with the following output:
Change Dir: /home/kenn/Projects/NetCap/Build/CMakeFiles/CMakeTmp

Run Build Command:/usr/bin/make "cmTryCompileExec3558511745/fast"
/usr/bin/make -f CMakeFiles/cmTryCompileExec3558511745.dir/build.make CMakeFiles/cmTryCompileExec3558511745.dir/build
make[1]: Entering directory `/home/kenn/Projects/NetCap/Build/CMakeFiles/CMakeTmp'
/usr/bin/cmake -E cmake_progress_report /home/kenn/Projects/NetCap/Build/CMakeFiles/CMakeTmp/CMakeFiles 1
Building CXX object CMakeFiles/cmTryCompileExec3558511745.dir/testCXXCompiler.cxx.o
/home/kenn/BRCMToolChain/stbgcc-4.8-1.2/bin/arm-linux-gnueabihf-g++     -o CMakeFiles/cmTryCompileExec3558511745.dir/testCXXCompiler.cxx.o -c /home/kenn/Projects/NetCap/Build/CMakeFiles/CMakeTmp/testCXXCompiler.cxx
Linking CXX executable cmTryCompileExec3558511745
/usr/bin/cmake -E cmake_link_script CMakeFiles/cmTryCompileExec3558511745.dir/link.txt --verbose=1
/home/kenn/BRCMToolChain/stbgcc-4.8-1.2/bin/arm-linux-gnueabihf-g++        CMakeFiles/cmTryCompileExec3558511745.dir/testCXXCompiler.cxx.o  -o cmTryCompileExec3558511745 -rdynamic 
make[1]: Leaving directory `/home/kenn/Projects/NetCap/Build/CMakeFiles/CMakeTmp'


Detecting CXX compiler ABI info compiled with the following output:
Change Dir: /home/kenn/Projects/NetCap/Build/CMakeFiles/CMakeTmp

Run Build Command:/usr/bin/make "cmTryCompileExec1352902662/fast"
/usr/bin/make -f CMakeFiles/cmTryCompileExec1352902662.dir/build.make CMakeFiles/cmTryCompileExec1352902662.dir/build
make[1]: Entering directory `/home/kenn/Projects/NetCap/Build/CMakeFiles/CMakeTmp'
/usr/bin/cmake -E cmake_progress_report /home/kenn/Projects/NetCap/Build/CMakeFiles/CMakeTmp/CMakeFiles 1
Building CXX object CMakeFiles/cmTryCompileExec1352902662.dir/CMakeCXXCompilerABI.cpp.o
/home/kenn/BRCMToolChain/stbgcc-4.8-1.2/bin/arm-linux-gnueabihf-g++     -o CMakeFiles/cmTryCompileExec1352902662.dir/CMakeCXXCompilerABI.cpp.o -c /usr/share/cmake-2.8/Modules/CMakeCXXCompilerABI.cpp
Linking CXX executable cmTryCompileExec1352902662
/usr/bin/cmake -E cmake_link_script CMakeFiles/cmTryCompileExec1352902662.dir/link.txt --verbose=1
/home/kenn/BRCMToolChain/stbgcc-4.8-1.2/bin/arm-linux-gnueabihf-g++      -v CMakeFiles/cmTryCompileExec1352902662.dir/CMakeCXXCompilerABI.cpp.o  -o cmTryCompileExec1352902662 -rdynamic  
Using built-in specs.
COLLECT_GCC=/home/kenn/BRCMToolChain/stbgcc-4.8-1.2/bin/arm-linux-gnueabihf-g++
COLLECT_LTO_WRAPPER=/home/kenn/BRCMToolChain/stbgcc-4.8-1.2/bin/../libexec/gcc/arm-linux-gnueabihf/4.8.4/lto-wrapper
Target: arm-linux-gnueabihf
Configured with: ../gcc-linaro-4.8-2014.11/configure --target=arm-linux-gnueabihf --disable-multilib --prefix=/opt/toolchains/stbgcc-4.8-1.2 --with-build-time-tools=/home/vagrant/rpmbuild/BUILD/build-toolchain/opt/toolchains/stbgcc-4.8-1.2/arm-linux-gnueabihf/sys-root/../bin --with-sysroot=/opt/toolchains/stbgcc-4.8-1.2/arm-linux-gnueabihf/sys-root --with-build-sysroot=/home/vagrant/rpmbuild/BUILD/build-toolchain/opt/toolchains/stbgcc-4.8-1.2/arm-linux-gnueabihf/sys-root --enable-threads=posix --enable-long-long --enable-c99 --enable-plugins --enable-__cxa_atexit --with-gmp=/home/vagrant/rpmbuild/BUILD/prereq --with-mpfr=/home/vagrant/rpmbuild/BUILD/prereq --with-mpc=/home/vagrant/rpmbuild/BUILD/prereq --enable-symvers=gnu --enable-languages=c,c++ --enable-target-optspace --with-pkgversion='Broadcom stbgcc-4.8-1.2' --with-bugurl=file:///opt/toolchains/stbgcc-4.8-1.2/info/README.Bugs --disable-isl-version-check --with-arch=armv7-a --with-mode=thumb --with-fpu=vfpv3-d16 --with-float=hard
Thread model: posix
gcc version 4.8.4 20141110 (prerelease) (Broadcom stbgcc-4.8-1.2) 
COMPILER_PATH=/home/kenn/BRCMToolChain/stbgcc-4.8-1.2/bin/../libexec/gcc/arm-linux-gnueabihf/4.8.4/:/home/kenn/BRCMToolChain/stbgcc-4.8-1.2/bin/../libexec/gcc/:/home/kenn/BRCMToolChain/stbgcc-4.8-1.2/bin/../lib/gcc/arm-linux-gnueabihf/4.8.4/../../../../arm-linux-gnueabihf/bin/
LIBRARY_PATH=/home/kenn/BRCMToolChain/stbgcc-4.8-1.2/bin/../lib/gcc/arm-linux-gnueabihf/4.8.4/:/home/kenn/BRCMToolChain/stbgcc-4.8-1.2/bin/../lib/gcc/:/home/kenn/BRCMToolChain/stbgcc-4.8-1.2/bin/../lib/gcc/arm-linux-gnueabihf/4.8.4/../../../../arm-linux-gnueabihf/lib/:/home/kenn/BRCMToolChain/stbgcc-4.8-1.2/bin/../arm-linux-gnueabihf/sys-root/lib/:/home/kenn/BRCMToolChain/stbgcc-4.8-1.2/bin/../arm-linux-gnueabihf/sys-root/usr/lib/
COLLECT_GCC_OPTIONS='-v' '-o' 'cmTryCompileExec1352902662' '-rdynamic' '-shared-libgcc' '-march=armv7-a' '-mfloat-abi=hard' '-mfpu=vfpv3-d16' '-mthumb' '-mtls-dialect=gnu'
 /home/kenn/BRCMToolChain/stbgcc-4.8-1.2/bin/../libexec/gcc/arm-linux-gnueabihf/4.8.4/collect2 --sysroot=/home/kenn/BRCMToolChain/stbgcc-4.8-1.2/bin/../arm-linux-gnueabihf/sys-root --eh-frame-hdr -export-dynamic -dynamic-linker /lib/ld-linux-armhf.so.3 -X -m armelf_linux_eabi -o cmTryCompileExec1352902662 /home/kenn/BRCMToolChain/stbgcc-4.8-1.2/bin/../arm-linux-gnueabihf/sys-root/usr/lib/crt1.o /home/kenn/BRCMToolChain/stbgcc-4.8-1.2/bin/../arm-linux-gnueabihf/sys-root/usr/lib/crti.o /home/kenn/BRCMToolChain/stbgcc-4.8-1.2/bin/../lib/gcc/arm-linux-gnueabihf/4.8.4/crtbegin.o -L/home/kenn/BRCMToolChain/stbgcc-4.8-1.2/bin/../lib/gcc/arm-linux-gnueabihf/4.8.4 -L/home/kenn/BRCMToolChain/stbgcc-4.8-1.2/bin/../lib/gcc -L/home/kenn/BRCMToolChain/stbgcc-4.8-1.2/bin/../lib/gcc/arm-linux-gnueabihf/4.8.4/../../../../arm-linux-gnueabihf/lib -L/home/kenn/BRCMToolChain/stbgcc-4.8-1.2/bin/../arm-linux-gnueabihf/sys-root/lib -L/home/kenn/BRCMToolChain/stbgcc-4.8-1.2/bin/../arm-linux-gnueabihf/sys-root/usr/lib CMakeFiles/cmTryCompileExec1352902662.dir/CMakeCXXCompilerABI.cpp.o -lstdc++ -lm -lgcc_s -lgcc -lc -lgcc_s -lgcc /home/kenn/BRCMToolChain/stbgcc-4.8-1.2/bin/../lib/gcc/arm-linux-gnueabihf/4.8.4/crtend.o /home/kenn/BRCMToolChain/stbgcc-4.8-1.2/bin/../arm-linux-gnueabihf/sys-root/usr/lib/crtn.o
make[1]: Leaving directory `/home/kenn/Projects/NetCap/Build/CMakeFiles/CMakeTmp'


Parsed CXX implicit link information from above output:
  link line regex: [^( *|.*[/\])(arm-linux-gnueabihf-ld|([^/\]+-)?ld|collect2)[^/\]*( |$)]
  ignore line: [Change Dir: /home/kenn/Projects/NetCap/Build/CMakeFiles/CMakeTmp]
  ignore line: []
  ignore line: [Run Build Command:/usr/bin/make "cmTryCompileExec1352902662/fast"]
  ignore line: [/usr/bin/make -f CMakeFiles/cmTryCompileExec1352902662.dir/build.make CMakeFiles/cmTryCompileExec1352902662.dir/build]
  ignore line: [make[1]: Entering directory `/home/kenn/Projects/NetCap/Build/CMakeFiles/CMakeTmp']
  ignore line: [/usr/bin/cmake -E cmake_progress_report /home/kenn/Projects/NetCap/Build/CMakeFiles/CMakeTmp/CMakeFiles 1]
  ignore line: [Building CXX object CMakeFiles/cmTryCompileExec1352902662.dir/CMakeCXXCompilerABI.cpp.o]
  ignore line: [/home/kenn/BRCMToolChain/stbgcc-4.8-1.2/bin/arm-linux-gnueabihf-g++     -o CMakeFiles/cmTryCompileExec1352902662.dir/CMakeCXXCompilerABI.cpp.o -c /usr/share/cmake-2.8/Modules/CMakeCXXCompilerABI.cpp]
  ignore line: [Linking CXX executable cmTryCompileExec1352902662]
  ignore line: [/usr/bin/cmake -E cmake_link_script CMakeFiles/cmTryCompileExec1352902662.dir/link.txt --verbose=1]
  ignore line: [/home/kenn/BRCMToolChain/stbgcc-4.8-1.2/bin/arm-linux-gnueabihf-g++      -v CMakeFiles/cmTryCompileExec1352902662.dir/CMakeCXXCompilerABI.cpp.o  -o cmTryCompileExec1352902662 -rdynamic  ]
  ignore line: [Using built-in specs.]
  ignore line: [COLLECT_GCC=/home/kenn/BRCMToolChain/stbgcc-4.8-1.2/bin/arm-linux-gnueabihf-g++]
  ignore line: [COLLECT_LTO_WRAPPER=/home/kenn/BRCMToolChain/stbgcc-4.8-1.2/bin/../libexec/gcc/arm-linux-gnueabihf/4.8.4/lto-wrapper]
  ignore line: [Target: arm-linux-gnueabihf]
  ignore line: [Configured with: ../gcc-linaro-4.8-2014.11/configure --target=arm-linux-gnueabihf --disable-multilib --prefix=/opt/toolchains/stbgcc-4.8-1.2 --with-build-time-tools=/home/vagrant/rpmbuild/BUILD/build-toolchain/opt/toolchains/stbgcc-4.8-1.2/arm-linux-gnueabihf/sys-root/../bin --with-sysroot=/opt/toolchains/stbgcc-4.8-1.2/arm-linux-gnueabihf/sys-root --with-build-sysroot=/home/vagrant/rpmbuild/BUILD/build-toolchain/opt/toolchains/stbgcc-4.8-1.2/arm-linux-gnueabihf/sys-root --enable-threads=posix --enable-long-long --enable-c99 --enable-plugins --enable-__cxa_atexit --with-gmp=/home/vagrant/rpmbuild/BUILD/prereq --with-mpfr=/home/vagrant/rpmbuild/BUILD/prereq --with-mpc=/home/vagrant/rpmbuild/BUILD/prereq --enable-symvers=gnu --enable-languages=c,c++ --enable-target-optspace --with-pkgversion='Broadcom stbgcc-4.8-1.2' --with-bugurl=file:///opt/toolchains/stbgcc-4.8-1.2/info/README.Bugs --disable-isl-version-check --with-arch=armv7-a --with-mode=thumb --with-fpu=vfpv3-d16 --with-float=hard]
  ignore line: [Thread model: posix]
  ignore line: [gcc version 4.8.4 20141110 (prerelease) (Broadcom stbgcc-4.8-1.2) ]
  ignore line: [COMPILER_PATH=/home/kenn/BRCMToolChain/stbgcc-4.8-1.2/bin/../libexec/gcc/arm-linux-gnueabihf/4.8.4/:/home/kenn/BRCMToolChain/stbgcc-4.8-1.2/bin/../libexec/gcc/:/home/kenn/BRCMToolChain/stbgcc-4.8-1.2/bin/../lib/gcc/arm-linux-gnueabihf/4.8.4/../../../../arm-linux-gnueabihf/bin/]
  ignore line: [LIBRARY_PATH=/home/kenn/BRCMToolChain/stbgcc-4.8-1.2/bin/../lib/gcc/arm-linux-gnueabihf/4.8.4/:/home/kenn/BRCMToolChain/stbgcc-4.8-1.2/bin/../lib/gcc/:/home/kenn/BRCMToolChain/stbgcc-4.8-1.2/bin/../lib/gcc/arm-linux-gnueabihf/4.8.4/../../../../arm-linux-gnueabihf/lib/:/home/kenn/BRCMToolChain/stbgcc-4.8-1.2/bin/../arm-linux-gnueabihf/sys-root/lib/:/home/kenn/BRCMToolChain/stbgcc-4.8-1.2/bin/../arm-linux-gnueabihf/sys-root/usr/lib/]
  ignore line: [COLLECT_GCC_OPTIONS='-v' '-o' 'cmTryCompileExec1352902662' '-rdynamic' '-shared-libgcc' '-march=armv7-a' '-mfloat-abi=hard' '-mfpu=vfpv3-d16' '-mthumb' '-mtls-dialect=gnu']
  link line: [ /home/kenn/BRCMToolChain/stbgcc-4.8-1.2/bin/../libexec/gcc/arm-linux-gnueabihf/4.8.4/collect2 --sysroot=/home/kenn/BRCMToolChain/stbgcc-4.8-1.2/bin/../arm-linux-gnueabihf/sys-root --eh-frame-hdr -export-dynamic -dynamic-linker /lib/ld-linux-armhf.so.3 -X -m armelf_linux_eabi -o cmTryCompileExec1352902662 /home/kenn/BRCMToolChain/stbgcc-4.8-1.2/bin/../arm-linux-gnueabihf/sys-root/usr/lib/crt1.o /home/kenn/BRCMToolChain/stbgcc-4.8-1.2/bin/../arm-linux-gnueabihf/sys-root/usr/lib/crti.o /home/kenn/BRCMToolChain/stbgcc-4.8-1.2/bin/../lib/gcc/arm-linux-gnueabihf/4.8.4/crtbegin.o -L/home/kenn/BRCMToolChain/stbgcc-4.8-1.2/bin/../lib/gcc/arm-linux-gnueabihf/4.8.4 -L/home/kenn/BRCMToolChain/stbgcc-4.8-1.2/bin/../lib/gcc -L/home/kenn/BRCMToolChain/stbgcc-4.8-1.2/bin/../lib/gcc/arm-linux-gnueabihf/4.8.4/../../../../arm-linux-gnueabihf/lib -L/home/kenn/BRCMToolChain/stbgcc-4.8-1.2/bin/../arm-linux-gnueabihf/sys-root/lib -L/home/kenn/BRCMToolChain/stbgcc-4.8-1.2/bin/../arm-linux-gnueabihf/sys-root/usr/lib CMakeFiles/cmTryCompileExec1352902662.dir/CMakeCXXCompilerABI.cpp.o -lstdc++ -lm -lgcc_s -lgcc -lc -lgcc_s -lgcc /home/kenn/BRCMToolChain/stbgcc-4.8-1.2/bin/../lib/gcc/arm-linux-gnueabihf/4.8.4/crtend.o /home/kenn/BRCMToolChain/stbgcc-4.8-1.2/bin/../arm-linux-gnueabihf/sys-root/usr/lib/crtn.o]
    arg [/home/kenn/BRCMToolChain/stbgcc-4.8-1.2/bin/../libexec/gcc/arm-linux-gnueabihf/4.8.4/collect2] ==> ignore
    arg [--sysroot=/home/kenn/BRCMToolChain/stbgcc-4.8-1.2/bin/../arm-linux-gnueabihf/sys-root] ==> ignore
    arg [--eh-frame-hdr] ==> ignore
    arg [-export-dynamic] ==> ignore
    arg [-dynamic-linker] ==> ignore
    arg [/lib/ld-linux-armhf.so.3] ==> ignore
    arg [-X] ==> ignore
    arg [-m] ==> ignore
    arg [armelf_linux_eabi] ==> ignore
    arg [-o] ==> ignore
    arg [cmTryCompileExec1352902662] ==> ignore
    arg [/home/kenn/BRCMToolChain/stbgcc-4.8-1.2/bin/../arm-linux-gnueabihf/sys-root/usr/lib/crt1.o] ==> ignore
    arg [/home/kenn/BRCMToolChain/stbgcc-4.8-1.2/bin/../arm-linux-gnueabihf/sys-root/usr/lib/crti.o] ==> ignore
    arg [/home/kenn/BRCMToolChain/stbgcc-4.8-1.2/bin/../lib/gcc/arm-linux-gnueabihf/4.8.4/crtbegin.o] ==> ignore
    arg [-L/home/kenn/BRCMToolChain/stbgcc-4.8-1.2/bin/../lib/gcc/arm-linux-gnueabihf/4.8.4] ==> dir [/home/kenn/BRCMToolChain/stbgcc-4.8-1.2/bin/../lib/gcc/arm-linux-gnueabihf/4.8.4]
    arg [-L/home/kenn/BRCMToolChain/stbgcc-4.8-1.2/bin/../lib/gcc] ==> dir [/home/kenn/BRCMToolChain/stbgcc-4.8-1.2/bin/../lib/gcc]
    arg [-L/home/kenn/BRCMToolChain/stbgcc-4.8-1.2/bin/../lib/gcc/arm-linux-gnueabihf/4.8.4/../../../../arm-linux-gnueabihf/lib] ==> dir [/home/kenn/BRCMToolChain/stbgcc-4.8-1.2/bin/../lib/gcc/arm-linux-gnueabihf/4.8.4/../../../../arm-linux-gnueabihf/lib]
    arg [-L/home/kenn/BRCMToolChain/stbgcc-4.8-1.2/bin/../arm-linux-gnueabihf/sys-root/lib] ==> dir [/home/kenn/BRCMToolChain/stbgcc-4.8-1.2/bin/../arm-linux-gnueabihf/sys-root/lib]
    arg [-L/home/kenn/BRCMToolChain/stbgcc-4.8-1.2/bin/../arm-linux-gnueabihf/sys-root/usr/lib] ==> dir [/home/kenn/BRCMToolChain/stbgcc-4.8-1.2/bin/../arm-linux-gnueabihf/sys-root/usr/lib]
    arg [CMakeFiles/cmTryCompileExec1352902662.dir/CMakeCXXCompilerABI.cpp.o] ==> ignore
    arg [-lstdc++] ==> lib [stdc++]
    arg [-lm] ==> lib [m]
    arg [-lgcc_s] ==> lib [gcc_s]
    arg [-lgcc] ==> lib [gcc]
    arg [-lc] ==> lib [c]
    arg [-lgcc_s] ==> lib [gcc_s]
    arg [-lgcc] ==> lib [gcc]
    arg [/home/kenn/BRCMToolChain/stbgcc-4.8-1.2/bin/../lib/gcc/arm-linux-gnueabihf/4.8.4/crtend.o] ==> ignore
    arg [/home/kenn/BRCMToolChain/stbgcc-4.8-1.2/bin/../arm-linux-gnueabihf/sys-root/usr/lib/crtn.o] ==> ignore
  remove lib [gcc_s]
  remove lib [gcc]
  remove lib [gcc_s]
  remove lib [gcc]
  collapse library dir [/home/kenn/BRCMToolChain/stbgcc-4.8-1.2/bin/../lib/gcc/arm-linux-gnueabihf/4.8.4] ==> [/home/kenn/BRCMToolChain/stbgcc-4.8-1.2/lib/gcc/arm-linux-gnueabihf/4.8.4]
  collapse library dir [/home/kenn/BRCMToolChain/stbgcc-4.8-1.2/bin/../lib/gcc] ==> [/home/kenn/BRCMToolChain/stbgcc-4.8-1.2/lib/gcc]
  collapse library dir [/home/kenn/BRCMToolChain/stbgcc-4.8-1.2/bin/../lib/gcc/arm-linux-gnueabihf/4.8.4/../../../../arm-linux-gnueabihf/lib] ==> [/home/kenn/BRCMToolChain/stbgcc-4.8-1.2/arm-linux-gnueabihf/lib]
  collapse library dir [/home/kenn/BRCMToolChain/stbgcc-4.8-1.2/bin/../arm-linux-gnueabihf/sys-root/lib] ==> [/home/kenn/BRCMToolChain/stbgcc-4.8-1.2/arm-linux-gnueabihf/sys-root/lib]
  collapse library dir [/home/kenn/BRCMToolChain/stbgcc-4.8-1.2/bin/../arm-linux-gnueabihf/sys-root/usr/lib] ==> [/home/kenn/BRCMToolChain/stbgcc-4.8-1.2/arm-linux-gnueabihf/sys-root/usr/lib]
  implicit libs: [stdc++;m;c]
  implicit dirs: [/home/kenn/BRCMToolChain/stbgcc-4.8-1.2/lib/gcc/arm-linux-gnueabihf/4.8.4;/home/kenn/BRCMToolChain/stbgcc-4.8-1.2/lib/gcc;/home/kenn/BRCMToolChain/stbgcc-4.8-1.2/arm-linux-gnueabihf/lib;/home/kenn/BRCMToolChain/stbgcc-4.8-1.2/arm-linux-gnueabihf/sys-root/lib;/home/kenn/BRCMToolChain/stbgcc-4.8-1.2/arm-linux-gnueabihf/sys-root/usr/lib]
  implicit fwks: []


